<?xml version="1.0" encoding="UTF-8"?>
<testsuite xmlns:xsi="http://www.w3.org/2001/XMLSchema-instance" xsi:noNamespaceSchemaLocation="https://maven.apache.org/surefire/maven-surefire-plugin/xsd/surefire-test-report-3.0.xsd" version="3.0" name="com.openclassrooms.tourguide.TourguideApplicationTests" time="8.498" tests="1" errors="0" skipped="0" failures="0">
  <properties>
[...]
</properties>
  <testcase name="contextLoads" classname="com.openclassrooms.tourguide.TourguideApplicationTests" time="1.607">
    <system-out><![CDATA[11:12:00.115 [main] INFO org.springframework.test.context.support.AnnotationConfigContextLoaderUtils -- Could not detect default configuration classes for test class [com.openclassrooms.tourguide.TourguideApplicationTests]: TourguideApplicationTests does not declare any static, non-private, non-final, nested classes annotated with @Configuration.
11:12:00.503 [main] INFO org.springframework.boot.test.context.SpringBootTestContextBootstrapper -- Found @SpringBootConfiguration com.openclassrooms.tourguide.TourguideApplication for test class com.openclassrooms.tourguide.TourguideApplicationTests

  .   ____          _            __ _ _
 /\\ / ___'_ __ _ _(_)_ __  __ _ \ \ \ \
( ( )\___ | '_ | '_| | '_ \/ _` | \ \ \ \
 \\/  ___)| |_)| | | | | || (_| |  ) ) ) )
  '  |____| .__|_| |_|_| |_\__, | / / / /
 =========|_|==============|___/=/_/_/_/
 :: Spring Boot ::                (v3.1.1)

2024-04-18T11:12:01.279+02:00  WARN 9740 --- [           main] ory$DuplicateJsonObjectContextCustomizer : 

Found multiple occurrences of org.json.JSONObject on the class path:

	jar:file:/C:/Users/Nei/.m2/repository/com/vaadin/external/google/android-json/0.0.20131108.vaadin1/android-json-0.0.20131108.vaadin1.jar!/org/json/JSONObject.class
	jar:file:/C:/Users/Nei/.m2/repository/org/json/json/20230618/json-20230618.jar!/org/json/JSONObject.class

You may wish to exclude one of them to ensure predictable runtime behavior

2024-04-18T11:12:01.357+02:00  INFO 9740 --- [           main] c.o.tourguide.TourguideApplicationTests  : Starting TourguideApplicationTests using Java 17.0.2 with PID 9740 (started by Nei in c:\Users\Nei\OneDrive\Documents\formation_openclassrom\form_java\projet8\JavaProject8\TourGuide)
2024-04-18T11:12:01.357+02:00 DEBUG 9740 --- [           main] c.o.tourguide.TourguideApplicationTests  : Running with Spring Boot v3.1.1, Spring v6.0.10
2024-04-18T11:12:01.358+02:00  INFO 9740 --- [           main] c.o.tourguide.TourguideApplicationTests  : No active profile set, falling back to 1 default profile: "default"
2024-04-18T11:12:04.066+02:00  INFO 9740 --- [           main] c.o.tourguide.service.TourGuideService   : TestMode enabled
2024-04-18T11:12:04.066+02:00 DEBUG 9740 --- [           main] c.o.tourguide.service.TourGuideService   : Initializing users
2024-04-18T11:12:04.066+02:00 DEBUG 9740 --- [           main] c.o.tourguide.service.TourGuideService   : Created 0 internal test users.
2024-04-18T11:12:04.066+02:00 DEBUG 9740 --- [           main] c.o.tourguide.service.TourGuideService   : Finished initializing users
2024-04-18T11:12:04.152+02:00 DEBUG 9740 --- [ool-33-thread-1] c.o.tourguide.tracker.Tracker            : Begin Tracker. Tracking 0 users.
2024-04-18T11:12:04.154+02:00 DEBUG 9740 --- [ool-33-thread-1] c.o.tourguide.tracker.Tracker            : Tracker Time Elapsed: 0 seconds.
2024-04-18T11:12:04.155+02:00 DEBUG 9740 --- [ool-33-thread-1] c.o.tourguide.tracker.Tracker            : Tracker sleeping
2024-04-18T11:12:06.306+02:00  INFO 9740 --- [           main] o.s.b.a.e.web.EndpointLinksResolver      : Exposing 1 endpoint(s) beneath base path '/actuator'
2024-04-18T11:12:06.578+02:00  INFO 9740 --- [           main] c.o.tourguide.TourguideApplicationTests  : Started TourguideApplicationTests in 5.782 seconds (process running for 27.332)
]]></system-out>
  </testcase>
</testsuite>